e:\github\alienuedumper\release\alienuedumper.lib
e:\github\alienuedumper\release\alienuedumper.exp
e:\github\alienuedumper\alienuedumper\release\alienuedumper.pch
e:\github\alienuedumper\alienuedumper\release\vc142.pdb
e:\github\alienuedumper\alienuedumper\release\pch.obj
e:\github\alienuedumper\alienuedumper\release\dumperdialog.obj
e:\github\alienuedumper\alienuedumper\release\alienuedumper.obj
e:\github\alienuedumper\release\alienuedumper.dll
e:\github\alienuedumper\alienuedumper\release\alienuedumper.ipdb
e:\github\alienuedumper\alienuedumper\release\alienuedumper.iobj
e:\github\alienuedumper\release\alienuedumper.pdb
e:\github\alienuedumper\alienuedumper\release\alienuedumper.res
e:\github\alienuedumper\alienuedumper\release\alienuedumper.tlog\alienuedumper.write.1u.tlog
e:\github\alienuedumper\alienuedumper\release\alienuedumper.tlog\cl.command.1.tlog
e:\github\alienuedumper\alienuedumper\release\alienuedumper.tlog\cl.read.1.tlog
e:\github\alienuedumper\alienuedumper\release\alienuedumper.tlog\cl.write.1.tlog
e:\github\alienuedumper\alienuedumper\release\alienuedumper.tlog\link.command.1.tlog
e:\github\alienuedumper\alienuedumper\release\alienuedumper.tlog\link.read.1.tlog
e:\github\alienuedumper\alienuedumper\release\alienuedumper.tlog\link.write.1.tlog
e:\github\alienuedumper\alienuedumper\release\alienuedumper.tlog\rc.command.1.tlog
e:\github\alienuedumper\alienuedumper\release\alienuedumper.tlog\rc.read.1.tlog
e:\github\alienuedumper\alienuedumper\release\alienuedumper.tlog\rc.write.1.tlog
